<?xml version="1.0" encoding="UTF-8"?>
<!-- Generated by org.testng.reporters.JUnitXMLReporter -->
<testsuite ignored="0" hostname="DESKTOP-7NMSRQD" failures="0" tests="6" name="Surefire test" time="24.702" errors="0" timestamp="2025-06-14T07:50:29 IST">
  <testcase classname="tests.LoginTest" name="validLogin" time="0.937"/>
  <testcase classname="tests.LoginTest" name="validLogin" time="1.463"/>
  <testcase classname="tests.LoginTest" name="validLogin" time="1.445"/>
  <testcase classname="tests.LoginTest" name="validLogin" time="1.065"/>
  <testcase classname="tests.LoginTest" name="validLogin" time="1.149"/>
  <testcase classname="tests.LoginTest" name="invalidLogin" time="1.561"/>
</testsuite> <!-- Surefire test -->
