<?xml version="1.0" encoding="UTF-8"?>
<!-- Generated by org.testng.reporters.JUnitXMLReporter -->
<testsuite ignored="1" hostname="DESKTOP-7NMSRQD" failures="0" tests="4" name="Default test" time="18.872" errors="0" timestamp="2025-06-12T10:45:33 IST">
  <testcase classname="tests.LoginTest" name="validLogin" time="1.912"/>
  <testcase classname="tests.LoginTest" name="validLogin" time="1.07"/>
  <testcase classname="tests.LoginTest" name="validLogin" time="1.332"/>
  <testcase classname="tests.LoginTest" name="validLogin" time="1.173"/>
  <testcase classname="tests.LoginTest" name="invalidLogin" time="0.0">
    <ignored/>
  </testcase> <!-- invalidLogin -->
</testsuite> <!-- Default test -->
