<?xml version="1.0" encoding="UTF-8"?>
<testng-results ignored="0" total="1" passed="1" failed="0" skipped="0">
  <reporter-output>
  </reporter-output>
  <suite started-at="2025-06-09T10:39:50 IST" name="Surefire suite" finished-at="2025-06-09T10:39:57 IST" duration-ms="7491">
    <groups>
    </groups>
    <test started-at="2025-06-09T10:39:50 IST" name="Surefire test" finished-at="2025-06-09T10:39:57 IST" duration-ms="7491">
      <class name="tests.LoginTest">
        <test-method is-config="true" signature="setUp()[pri:0, instance:tests.LoginTest@482cd91f]" started-at="2025-06-09T10:39:50 IST" name="setUp" finished-at="2025-06-09T10:39:55 IST" duration-ms="4508" status="PASS">
          <reporter-output>
          </reporter-output>
        </test-method> <!-- setUp -->
        <test-method signature="validLogin()[pri:0, instance:tests.LoginTest@482cd91f]" started-at="2025-06-09T10:39:55 IST" name="validLogin" finished-at="2025-06-09T10:39:57 IST" duration-ms="2605" status="PASS">
          <reporter-output>
          </reporter-output>
        </test-method> <!-- validLogin -->
        <test-method is-config="true" signature="tearDown()[pri:0, instance:tests.LoginTest@482cd91f]" started-at="2025-06-09T10:39:57 IST" name="tearDown" finished-at="2025-06-09T10:39:57 IST" duration-ms="95" status="PASS">
          <reporter-output>
          </reporter-output>
        </test-method> <!-- tearDown -->
      </class> <!-- tests.LoginTest -->
    </test> <!-- Surefire test -->
  </suite> <!-- Surefire suite -->
</testng-results>
