<?xml version="1.0" encoding="UTF-8"?>
<testng-results ignored="0" total="6" passed="6" failed="0" skipped="0">
  <reporter-output>
  </reporter-output>
  <suite started-at="2025-06-12T18:23:33 IST" name="LoginSuite" finished-at="2025-06-12T18:24:01 IST" duration-ms="27772">
    <groups>
    </groups>
    <test started-at="2025-06-12T18:23:33 IST" name="LoginTests" finished-at="2025-06-12T18:24:01 IST" duration-ms="27772">
      <class name="tests.LoginTest">
        <test-method is-config="true" signature="setupReport()[pri:0, instance:tests.LoginTest@9597028]" started-at="2025-06-12T18:23:32 IST" name="setupReport" finished-at="2025-06-12T18:23:33 IST" duration-ms="764" status="PASS">
          <reporter-output>
          </reporter-output>
        </test-method> <!-- setupReport -->
        <test-method is-config="true" signature="setUp()[pri:0, instance:tests.LoginTest@9597028]" started-at="2025-06-12T18:23:34 IST" name="setUp" finished-at="2025-06-12T18:23:39 IST" duration-ms="4842" status="PASS">
          <reporter-output>
          </reporter-output>
        </test-method> <!-- setUp -->
        <test-method signature="validLogin(java.lang.String,java.lang.String)[pri:1, instance:tests.LoginTest@9597028]" started-at="2025-06-12T18:23:39 IST" name="validLogin" data-provider="LoginData" finished-at="2025-06-12T18:23:40 IST" duration-ms="1238" status="PASS">
          <params>
            <param index="0">
              <value>
                <![CDATA[user1@test.com]]>
              </value>
            </param>
            <param index="1">
              <value>
                <![CDATA[pass123]]>
              </value>
            </param>
          </params>
          <reporter-output>
          </reporter-output>
        </test-method> <!-- validLogin -->
        <test-method is-config="true" signature="tearDown(org.testng.ITestResult)[pri:0, instance:tests.LoginTest@9597028]" started-at="2025-06-12T18:23:40 IST" name="tearDown" finished-at="2025-06-12T18:23:41 IST" duration-ms="226" status="PASS">
          <params>
            <param index="0">
              <value>
                <![CDATA[[TestResult name=validLogin status=SUCCESS method=LoginTest.validLogin(java.lang.String,java.lang.String)[pri:1, instance:tests.LoginTest@9597028] output={null}]]]>
              </value>
            </param>
          </params>
          <reporter-output>
          </reporter-output>
        </test-method> <!-- tearDown -->
        <test-method is-config="true" signature="setUp()[pri:0, instance:tests.LoginTest@9597028]" started-at="2025-06-12T18:23:41 IST" name="setUp" finished-at="2025-06-12T18:23:43 IST" duration-ms="2491" status="PASS">
          <reporter-output>
          </reporter-output>
        </test-method> <!-- setUp -->
        <test-method signature="validLogin(java.lang.String,java.lang.String)[pri:1, instance:tests.LoginTest@9597028]" started-at="2025-06-12T18:23:43 IST" name="validLogin" data-provider="LoginData" finished-at="2025-06-12T18:23:44 IST" duration-ms="1063" status="PASS">
          <params>
            <param index="0">
              <value>
                <![CDATA[user2@test.com]]>
              </value>
            </param>
            <param index="1">
              <value>
                <![CDATA[pass124]]>
              </value>
            </param>
          </params>
          <reporter-output>
          </reporter-output>
        </test-method> <!-- validLogin -->
        <test-method is-config="true" signature="tearDown(org.testng.ITestResult)[pri:0, instance:tests.LoginTest@9597028]" started-at="2025-06-12T18:23:44 IST" name="tearDown" finished-at="2025-06-12T18:23:44 IST" duration-ms="216" status="PASS">
          <params>
            <param index="0">
              <value>
                <![CDATA[[TestResult name=validLogin status=SUCCESS method=LoginTest.validLogin(java.lang.String,java.lang.String)[pri:1, instance:tests.LoginTest@9597028] output={null}]]]>
              </value>
            </param>
          </params>
          <reporter-output>
          </reporter-output>
        </test-method> <!-- tearDown -->
        <test-method is-config="true" signature="setUp()[pri:0, instance:tests.LoginTest@9597028]" started-at="2025-06-12T18:23:44 IST" name="setUp" finished-at="2025-06-12T18:23:47 IST" duration-ms="2344" status="PASS">
          <reporter-output>
          </reporter-output>
        </test-method> <!-- setUp -->
        <test-method signature="validLogin(java.lang.String,java.lang.String)[pri:1, instance:tests.LoginTest@9597028]" started-at="2025-06-12T18:23:47 IST" name="validLogin" data-provider="LoginData" finished-at="2025-06-12T18:23:48 IST" duration-ms="1513" status="PASS">
          <params>
            <param index="0">
              <value>
                <![CDATA[user3@test.com]]>
              </value>
            </param>
            <param index="1">
              <value>
                <![CDATA[pass125]]>
              </value>
            </param>
          </params>
          <reporter-output>
          </reporter-output>
        </test-method> <!-- validLogin -->
        <test-method is-config="true" signature="tearDown(org.testng.ITestResult)[pri:0, instance:tests.LoginTest@9597028]" started-at="2025-06-12T18:23:48 IST" name="tearDown" finished-at="2025-06-12T18:23:48 IST" duration-ms="163" status="PASS">
          <params>
            <param index="0">
              <value>
                <![CDATA[[TestResult name=validLogin status=SUCCESS method=LoginTest.validLogin(java.lang.String,java.lang.String)[pri:1, instance:tests.LoginTest@9597028] output={null}]]]>
              </value>
            </param>
          </params>
          <reporter-output>
          </reporter-output>
        </test-method> <!-- tearDown -->
        <test-method is-config="true" signature="setUp()[pri:0, instance:tests.LoginTest@9597028]" started-at="2025-06-12T18:23:48 IST" name="setUp" finished-at="2025-06-12T18:23:51 IST" duration-ms="2343" status="PASS">
          <reporter-output>
          </reporter-output>
        </test-method> <!-- setUp -->
        <test-method signature="validLogin(java.lang.String,java.lang.String)[pri:1, instance:tests.LoginTest@9597028]" started-at="2025-06-12T18:23:51 IST" name="validLogin" data-provider="LoginData" finished-at="2025-06-12T18:23:52 IST" duration-ms="1472" status="PASS">
          <params>
            <param index="0">
              <value>
                <![CDATA[user4@test.com]]>
              </value>
            </param>
            <param index="1">
              <value>
                <![CDATA[pass126]]>
              </value>
            </param>
          </params>
          <reporter-output>
          </reporter-output>
        </test-method> <!-- validLogin -->
        <test-method is-config="true" signature="tearDown(org.testng.ITestResult)[pri:0, instance:tests.LoginTest@9597028]" started-at="2025-06-12T18:23:52 IST" name="tearDown" finished-at="2025-06-12T18:23:52 IST" duration-ms="186" status="PASS">
          <params>
            <param index="0">
              <value>
                <![CDATA[[TestResult name=validLogin status=SUCCESS method=LoginTest.validLogin(java.lang.String,java.lang.String)[pri:1, instance:tests.LoginTest@9597028] output={null}]]]>
              </value>
            </param>
          </params>
          <reporter-output>
          </reporter-output>
        </test-method> <!-- tearDown -->
        <test-method is-config="true" signature="setUp()[pri:0, instance:tests.LoginTest@9597028]" started-at="2025-06-12T18:23:52 IST" name="setUp" finished-at="2025-06-12T18:23:55 IST" duration-ms="2378" status="PASS">
          <reporter-output>
          </reporter-output>
        </test-method> <!-- setUp -->
        <test-method signature="validLogin(java.lang.String,java.lang.String)[pri:1, instance:tests.LoginTest@9597028]" started-at="2025-06-12T18:23:55 IST" name="validLogin" data-provider="LoginData" finished-at="2025-06-12T18:23:56 IST" duration-ms="1766" status="PASS">
          <params>
            <param index="0">
              <value>
                <![CDATA[admin@yourstore.com]]>
              </value>
            </param>
            <param index="1">
              <value>
                <![CDATA[admin]]>
              </value>
            </param>
          </params>
          <reporter-output>
          </reporter-output>
        </test-method> <!-- validLogin -->
        <test-method is-config="true" signature="tearDown(org.testng.ITestResult)[pri:0, instance:tests.LoginTest@9597028]" started-at="2025-06-12T18:23:56 IST" name="tearDown" finished-at="2025-06-12T18:23:57 IST" duration-ms="158" status="PASS">
          <params>
            <param index="0">
              <value>
                <![CDATA[[TestResult name=validLogin status=SUCCESS method=LoginTest.validLogin(java.lang.String,java.lang.String)[pri:1, instance:tests.LoginTest@9597028] output={null}]]]>
              </value>
            </param>
          </params>
          <reporter-output>
          </reporter-output>
        </test-method> <!-- tearDown -->
        <test-method is-config="true" signature="setUp()[pri:0, instance:tests.LoginTest@9597028]" started-at="2025-06-12T18:23:57 IST" name="setUp" finished-at="2025-06-12T18:23:59 IST" duration-ms="2299" status="PASS">
          <reporter-output>
          </reporter-output>
        </test-method> <!-- setUp -->
        <test-method signature="invalidLogin()[pri:2, instance:tests.LoginTest@9597028]" started-at="2025-06-12T18:23:59 IST" name="invalidLogin" finished-at="2025-06-12T18:24:00 IST" duration-ms="1482" status="PASS">
          <reporter-output>
          </reporter-output>
        </test-method> <!-- invalidLogin -->
        <test-method is-config="true" signature="tearDown(org.testng.ITestResult)[pri:0, instance:tests.LoginTest@9597028]" started-at="2025-06-12T18:24:00 IST" name="tearDown" finished-at="2025-06-12T18:24:01 IST" duration-ms="170" status="PASS">
          <params>
            <param index="0">
              <value>
                <![CDATA[[TestResult name=invalidLogin status=SUCCESS method=LoginTest.invalidLogin()[pri:2, instance:tests.LoginTest@9597028] output={null}]]]>
              </value>
            </param>
          </params>
          <reporter-output>
          </reporter-output>
        </test-method> <!-- tearDown -->
        <test-method is-config="true" signature="teardownReport()[pri:0, instance:tests.LoginTest@9597028]" started-at="2025-06-12T18:24:01 IST" name="teardownReport" finished-at="2025-06-12T18:24:01 IST" duration-ms="314" status="PASS">
          <reporter-output>
          </reporter-output>
        </test-method> <!-- teardownReport -->
      </class> <!-- tests.LoginTest -->
    </test> <!-- LoginTests -->
  </suite> <!-- LoginSuite -->
</testng-results>
