<?xml version="1.0" encoding="UTF-8"?>
<testng-results ignored="0" total="6" passed="5" failed="1" skipped="0">
  <reporter-output>
  </reporter-output>
  <suite started-at="2025-06-12T11:21:58 IST" name="LoginSuite" finished-at="2025-06-12T11:22:27 IST" duration-ms="28152">
    <groups>
    </groups>
    <test started-at="2025-06-12T11:21:58 IST" name="LoginTests" finished-at="2025-06-12T11:22:27 IST" duration-ms="28152">
      <class name="tests.LoginTest">
        <test-method is-config="true" signature="setupReport()[pri:0, instance:tests.LoginTest@4550bb58]" started-at="2025-06-12T11:21:58 IST" name="setupReport" finished-at="2025-06-12T11:21:58 IST" duration-ms="348" status="PASS">
          <reporter-output>
          </reporter-output>
        </test-method> <!-- setupReport -->
        <test-method is-config="true" signature="setUp()[pri:0, instance:tests.LoginTest@4550bb58]" started-at="2025-06-12T11:22:00 IST" name="setUp" finished-at="2025-06-12T11:22:04 IST" duration-ms="3795" status="PASS">
          <reporter-output>
          </reporter-output>
        </test-method> <!-- setUp -->
        <test-method signature="validLogin(java.lang.String,java.lang.String)[pri:1, instance:tests.LoginTest@4550bb58]" started-at="2025-06-12T11:22:04 IST" name="validLogin" data-provider="LoginData" finished-at="2025-06-12T11:22:05 IST" duration-ms="1291" status="PASS">
          <params>
            <param index="0">
              <value>
                <![CDATA[user1@test.com]]>
              </value>
            </param>
            <param index="1">
              <value>
                <![CDATA[pass123]]>
              </value>
            </param>
          </params>
          <reporter-output>
          </reporter-output>
        </test-method> <!-- validLogin -->
        <test-method is-config="true" signature="tearDown(org.testng.ITestResult)[pri:0, instance:tests.LoginTest@4550bb58]" started-at="2025-06-12T11:22:05 IST" name="tearDown" finished-at="2025-06-12T11:22:05 IST" duration-ms="268" status="PASS">
          <params>
            <param index="0">
              <value>
                <![CDATA[[TestResult name=validLogin status=SUCCESS method=LoginTest.validLogin(java.lang.String,java.lang.String)[pri:1, instance:tests.LoginTest@4550bb58] output={null}]]]>
              </value>
            </param>
          </params>
          <reporter-output>
          </reporter-output>
        </test-method> <!-- tearDown -->
        <test-method is-config="true" signature="setUp()[pri:0, instance:tests.LoginTest@4550bb58]" started-at="2025-06-12T11:22:05 IST" name="setUp" finished-at="2025-06-12T11:22:09 IST" duration-ms="4290" status="PASS">
          <reporter-output>
          </reporter-output>
        </test-method> <!-- setUp -->
        <test-method signature="validLogin(java.lang.String,java.lang.String)[pri:1, instance:tests.LoginTest@4550bb58]" started-at="2025-06-12T11:22:09 IST" name="validLogin" data-provider="LoginData" finished-at="2025-06-12T11:22:11 IST" duration-ms="1598" status="PASS">
          <params>
            <param index="0">
              <value>
                <![CDATA[user2@test.com]]>
              </value>
            </param>
            <param index="1">
              <value>
                <![CDATA[pass124]]>
              </value>
            </param>
          </params>
          <reporter-output>
          </reporter-output>
        </test-method> <!-- validLogin -->
        <test-method is-config="true" signature="tearDown(org.testng.ITestResult)[pri:0, instance:tests.LoginTest@4550bb58]" started-at="2025-06-12T11:22:11 IST" name="tearDown" finished-at="2025-06-12T11:22:11 IST" duration-ms="194" status="PASS">
          <params>
            <param index="0">
              <value>
                <![CDATA[[TestResult name=validLogin status=SUCCESS method=LoginTest.validLogin(java.lang.String,java.lang.String)[pri:1, instance:tests.LoginTest@4550bb58] output={null}]]]>
              </value>
            </param>
          </params>
          <reporter-output>
          </reporter-output>
        </test-method> <!-- tearDown -->
        <test-method is-config="true" signature="setUp()[pri:0, instance:tests.LoginTest@4550bb58]" started-at="2025-06-12T11:22:11 IST" name="setUp" finished-at="2025-06-12T11:22:14 IST" duration-ms="2362" status="PASS">
          <reporter-output>
          </reporter-output>
        </test-method> <!-- setUp -->
        <test-method signature="validLogin(java.lang.String,java.lang.String)[pri:1, instance:tests.LoginTest@4550bb58]" started-at="2025-06-12T11:22:14 IST" name="validLogin" data-provider="LoginData" finished-at="2025-06-12T11:22:15 IST" duration-ms="1145" status="PASS">
          <params>
            <param index="0">
              <value>
                <![CDATA[user3@test.com]]>
              </value>
            </param>
            <param index="1">
              <value>
                <![CDATA[pass125]]>
              </value>
            </param>
          </params>
          <reporter-output>
          </reporter-output>
        </test-method> <!-- validLogin -->
        <test-method is-config="true" signature="tearDown(org.testng.ITestResult)[pri:0, instance:tests.LoginTest@4550bb58]" started-at="2025-06-12T11:22:15 IST" name="tearDown" finished-at="2025-06-12T11:22:15 IST" duration-ms="221" status="PASS">
          <params>
            <param index="0">
              <value>
                <![CDATA[[TestResult name=validLogin status=SUCCESS method=LoginTest.validLogin(java.lang.String,java.lang.String)[pri:1, instance:tests.LoginTest@4550bb58] output={null}]]]>
              </value>
            </param>
          </params>
          <reporter-output>
          </reporter-output>
        </test-method> <!-- tearDown -->
        <test-method is-config="true" signature="setUp()[pri:0, instance:tests.LoginTest@4550bb58]" started-at="2025-06-12T11:22:15 IST" name="setUp" finished-at="2025-06-12T11:22:17 IST" duration-ms="2333" status="PASS">
          <reporter-output>
          </reporter-output>
        </test-method> <!-- setUp -->
        <test-method signature="validLogin(java.lang.String,java.lang.String)[pri:1, instance:tests.LoginTest@4550bb58]" started-at="2025-06-12T11:22:17 IST" name="validLogin" data-provider="LoginData" finished-at="2025-06-12T11:22:19 IST" duration-ms="1444" status="PASS">
          <params>
            <param index="0">
              <value>
                <![CDATA[user4@test.com]]>
              </value>
            </param>
            <param index="1">
              <value>
                <![CDATA[pass126]]>
              </value>
            </param>
          </params>
          <reporter-output>
          </reporter-output>
        </test-method> <!-- validLogin -->
        <test-method is-config="true" signature="tearDown(org.testng.ITestResult)[pri:0, instance:tests.LoginTest@4550bb58]" started-at="2025-06-12T11:22:19 IST" name="tearDown" finished-at="2025-06-12T11:22:19 IST" duration-ms="172" status="PASS">
          <params>
            <param index="0">
              <value>
                <![CDATA[[TestResult name=validLogin status=SUCCESS method=LoginTest.validLogin(java.lang.String,java.lang.String)[pri:1, instance:tests.LoginTest@4550bb58] output={null}]]]>
              </value>
            </param>
          </params>
          <reporter-output>
          </reporter-output>
        </test-method> <!-- tearDown -->
        <test-method is-config="true" signature="setUp()[pri:0, instance:tests.LoginTest@4550bb58]" started-at="2025-06-12T11:22:19 IST" name="setUp" finished-at="2025-06-12T11:22:21 IST" duration-ms="2440" status="PASS">
          <reporter-output>
          </reporter-output>
        </test-method> <!-- setUp -->
        <test-method signature="validLogin(java.lang.String,java.lang.String)[pri:1, instance:tests.LoginTest@4550bb58]" started-at="2025-06-12T11:22:21 IST" name="validLogin" data-provider="LoginData" finished-at="2025-06-12T11:22:23 IST" duration-ms="1150" status="PASS">
          <params>
            <param index="0">
              <value>
                <![CDATA[admin@yourstore.com]]>
              </value>
            </param>
            <param index="1">
              <value>
                <![CDATA[admin]]>
              </value>
            </param>
          </params>
          <reporter-output>
          </reporter-output>
        </test-method> <!-- validLogin -->
        <test-method is-config="true" signature="tearDown(org.testng.ITestResult)[pri:0, instance:tests.LoginTest@4550bb58]" started-at="2025-06-12T11:22:23 IST" name="tearDown" finished-at="2025-06-12T11:22:23 IST" duration-ms="184" status="PASS">
          <params>
            <param index="0">
              <value>
                <![CDATA[[TestResult name=validLogin status=SUCCESS method=LoginTest.validLogin(java.lang.String,java.lang.String)[pri:1, instance:tests.LoginTest@4550bb58] output={null}]]]>
              </value>
            </param>
          </params>
          <reporter-output>
          </reporter-output>
        </test-method> <!-- tearDown -->
        <test-method is-config="true" signature="setUp()[pri:0, instance:tests.LoginTest@4550bb58]" started-at="2025-06-12T11:22:23 IST" name="setUp" finished-at="2025-06-12T11:22:25 IST" duration-ms="2314" status="PASS">
          <reporter-output>
          </reporter-output>
        </test-method> <!-- setUp -->
        <test-method signature="invalidLogin()[pri:2, instance:tests.LoginTest@4550bb58]" started-at="2025-06-12T11:22:25 IST" name="invalidLogin" finished-at="2025-06-12T11:22:26 IST" duration-ms="1118" status="FAIL">
          <exception class="org.openqa.selenium.NoSuchElementException">
            <message>
              <![CDATA[no such element: Unable to locate element: {"method":"xpath","selector":"/html/body/div[6]/div/div/div/div/div[2]/div[1]/div/form/div[1]"}
  (Session info: chrome=137.0.7151.69)
For documentation on this error, please visit: https://www.selenium.dev/documentation/webdriver/troubleshooting/errors#no-such-element-exception
Build info: version: '4.33.0', revision: '2c6aaad03a'
System info: os.name: 'Windows 11', os.arch: 'amd64', os.version: '10.0', java.version: '24.0.1'
Driver info: org.openqa.selenium.chrome.ChromeDriver
Command: [af7aa7bf7e8a8925f5055b314bba87fe, findElement {value=/html/body/div[6]/div/div/div/div/div[2]/div[1]/div/form/div[1], using=xpath}]
Capabilities {acceptInsecureCerts: false, browserName: chrome, browserVersion: 137.0.7151.69, chrome: {chromedriverVersion: 137.0.7151.70 (dfa4dc56b2ab..., userDataDir: C:\Users\dell\AppData\Local...}, fedcm:accounts: true, goog:chromeOptions: {debuggerAddress: localhost:55313}, networkConnectionEnabled: false, pageLoadStrategy: normal, platformName: windows, proxy: Proxy(), se:cdp: ws://localhost:55313/devtoo..., se:cdpVersion: 137.0.7151.69, setWindowRect: true, strictFileInteractability: false, timeouts: {implicit: 0, pageLoad: 300000, script: 30000}, unhandledPromptBehavior: dismiss and notify, webauthn:extension:credBlob: true, webauthn:extension:largeBlob: true, webauthn:extension:minPinLength: true, webauthn:extension:prf: true, webauthn:virtualAuthenticators: true}
Session ID: af7aa7bf7e8a8925f5055b314bba87fe]]>
            </message>
            <full-stacktrace>
              <![CDATA[org.openqa.selenium.NoSuchElementException: no such element: Unable to locate element: {"method":"xpath","selector":"/html/body/div[6]/div/div/div/div/div[2]/div[1]/div/form/div[1]"}
  (Session info: chrome=137.0.7151.69)
For documentation on this error, please visit: https://www.selenium.dev/documentation/webdriver/troubleshooting/errors#no-such-element-exception
Build info: version: '4.33.0', revision: '2c6aaad03a'
System info: os.name: 'Windows 11', os.arch: 'amd64', os.version: '10.0', java.version: '24.0.1'
Driver info: org.openqa.selenium.chrome.ChromeDriver
Command: [af7aa7bf7e8a8925f5055b314bba87fe, findElement {value=/html/body/div[6]/div/div/div/div/div[2]/div[1]/div/form/div[1], using=xpath}]
Capabilities {acceptInsecureCerts: false, browserName: chrome, browserVersion: 137.0.7151.69, chrome: {chromedriverVersion: 137.0.7151.70 (dfa4dc56b2ab..., userDataDir: C:\Users\dell\AppData\Local...}, fedcm:accounts: true, goog:chromeOptions: {debuggerAddress: localhost:55313}, networkConnectionEnabled: false, pageLoadStrategy: normal, platformName: windows, proxy: Proxy(), se:cdp: ws://localhost:55313/devtoo..., se:cdpVersion: 137.0.7151.69, setWindowRect: true, strictFileInteractability: false, timeouts: {implicit: 0, pageLoad: 300000, script: 30000}, unhandledPromptBehavior: dismiss and notify, webauthn:extension:credBlob: true, webauthn:extension:largeBlob: true, webauthn:extension:minPinLength: true, webauthn:extension:prf: true, webauthn:virtualAuthenticators: true}
Session ID: af7aa7bf7e8a8925f5055b314bba87fe
at java.base/jdk.internal.reflect.DirectConstructorHandleAccessor.newInstance(DirectConstructorHandleAccessor.java:62)
at java.base/java.lang.reflect.Constructor.newInstanceWithCaller(Constructor.java:499)
at java.base/java.lang.reflect.Constructor.newInstance(Constructor.java:483)
at org.openqa.selenium.remote.ErrorCodec.decode(ErrorCodec.java:167)
at org.openqa.selenium.remote.codec.w3c.W3CHttpResponseCodec.decode(W3CHttpResponseCodec.java:138)
at org.openqa.selenium.remote.codec.w3c.W3CHttpResponseCodec.decode(W3CHttpResponseCodec.java:50)
at org.openqa.selenium.remote.HttpCommandExecutor.execute(HttpCommandExecutor.java:215)
at org.openqa.selenium.remote.service.DriverCommandExecutor.invokeExecute(DriverCommandExecutor.java:216)
at org.openqa.selenium.remote.service.DriverCommandExecutor.execute(DriverCommandExecutor.java:174)
at org.openqa.selenium.remote.RemoteWebDriver.execute(RemoteWebDriver.java:544)
at org.openqa.selenium.remote.ElementLocation$ElementFinder$2.findElement(ElementLocation.java:165)
at org.openqa.selenium.remote.ElementLocation.findElement(ElementLocation.java:59)
at org.openqa.selenium.remote.RemoteWebDriver.findElement(RemoteWebDriver.java:367)
at org.openqa.selenium.remote.RemoteWebDriver.findElement(RemoteWebDriver.java:361)
at org.openqa.selenium.support.pagefactory.DefaultElementLocator.findElement(DefaultElementLocator.java:68)
at org.openqa.selenium.support.pagefactory.internal.LocatingElementHandler.invoke(LocatingElementHandler.java:38)
at jdk.proxy2/jdk.proxy2.$Proxy31.getText(Unknown Source)
at pages.LoginPage.loginStatus(LoginPage.java:67)
at tests.LoginTest.invalidLogin(LoginTest.java:126)
at java.base/jdk.internal.reflect.DirectMethodHandleAccessor.invoke(DirectMethodHandleAccessor.java:104)
at java.base/java.lang.reflect.Method.invoke(Method.java:565)
at org.testng.internal.invokers.MethodInvocationHelper.invokeMethod(MethodInvocationHelper.java:141)
at org.testng.internal.invokers.TestInvoker.invokeMethod(TestInvoker.java:687)
at org.testng.internal.invokers.TestInvoker.invokeTestMethod(TestInvoker.java:230)
at org.testng.internal.invokers.MethodRunner.runInSequence(MethodRunner.java:63)
at org.testng.internal.invokers.TestInvoker$MethodInvocationAgent.invoke(TestInvoker.java:995)
at org.testng.internal.invokers.TestInvoker.invokeTestMethods(TestInvoker.java:203)
at org.testng.internal.invokers.TestMethodWorker.invokeTestMethods(TestMethodWorker.java:154)
at org.testng.internal.invokers.TestMethodWorker.run(TestMethodWorker.java:134)
at java.base/java.util.ArrayList.forEach(ArrayList.java:1604)
at org.testng.TestRunner.privateRun(TestRunner.java:741)
at org.testng.TestRunner.run(TestRunner.java:616)
at org.testng.SuiteRunner.runTest(SuiteRunner.java:421)
at org.testng.SuiteRunner.runSequentially(SuiteRunner.java:413)
at org.testng.SuiteRunner.privateRun(SuiteRunner.java:373)
at org.testng.SuiteRunner.run(SuiteRunner.java:312)
at org.testng.SuiteRunnerWorker.runSuite(SuiteRunnerWorker.java:52)
at org.testng.SuiteRunnerWorker.run(SuiteRunnerWorker.java:95)
at org.testng.TestNG.runSuitesSequentially(TestNG.java:1274)
at org.testng.TestNG.runSuitesLocally(TestNG.java:1208)
at org.testng.TestNG.runSuites(TestNG.java:1112)
at org.testng.TestNG.run(TestNG.java:1079)
at org.testng.remote.AbstractRemoteTestNG.run(AbstractRemoteTestNG.java:115)
at org.testng.remote.RemoteTestNG.initAndRun(RemoteTestNG.java:293)
at org.testng.remote.RemoteTestNG.main(RemoteTestNG.java:91)
]]>
            </full-stacktrace>
          </exception> <!-- org.openqa.selenium.NoSuchElementException -->
          <reporter-output>
          </reporter-output>
        </test-method> <!-- invalidLogin -->
        <test-method is-config="true" signature="tearDown(org.testng.ITestResult)[pri:0, instance:tests.LoginTest@4550bb58]" started-at="2025-06-12T11:22:26 IST" name="tearDown" finished-at="2025-06-12T11:22:27 IST" duration-ms="446" status="PASS">
          <params>
            <param index="0">
              <value>
                <![CDATA[[TestResult name=invalidLogin status=FAILURE method=LoginTest.invalidLogin()[pri:2, instance:tests.LoginTest@4550bb58] output={null}]]]>
              </value>
            </param>
          </params>
          <reporter-output>
          </reporter-output>
        </test-method> <!-- tearDown -->
        <test-method is-config="true" signature="teardownReport()[pri:0, instance:tests.LoginTest@4550bb58]" started-at="2025-06-12T11:22:27 IST" name="teardownReport" finished-at="2025-06-12T11:22:27 IST" duration-ms="339" status="PASS">
          <reporter-output>
          </reporter-output>
        </test-method> <!-- teardownReport -->
      </class> <!-- tests.LoginTest -->
    </test> <!-- LoginTests -->
  </suite> <!-- LoginSuite -->
</testng-results>
