<?xml version="1.0" encoding="UTF-8"?>
<!-- Generated by org.testng.reporters.JUnitXMLReporter -->
<testsuite ignored="0" hostname="DESKTOP-7NMSRQD" failures="0" tests="6" name="LoginTests" time="29.0" errors="0" timestamp="2025-06-13T18:25:16 IST">
  <testcase classname="tests.LoginTest" name="validLogin" time="4.614"/>
  <testcase classname="tests.LoginTest" name="validLogin" time="1.289"/>
  <testcase classname="tests.LoginTest" name="validLogin" time="1.601"/>
  <testcase classname="tests.LoginTest" name="validLogin" time="1.7"/>
  <testcase classname="tests.LoginTest" name="validLogin" time="1.045"/>
  <testcase classname="tests.LoginTest" name="invalidLogin" time="1.492"/>
</testsuite> <!-- LoginTests -->
